<?xml version='1.0' encoding='UTF-8'?>
<testsuite hostname="ATC-13337" name="load.LoadScriptNew" tests="1" errors="1" failures="0" skipped="0" time="0.0">
                     <properties>
[...]
</properties>
                     <testcase classname="load.LoadScriptNew" name="(It is not a load.test it is a sbt.testing.SuiteSelector)" time="0.0">
                                                 <error message="sbt.ForkMain$ForkError: java.lang.ExceptionInInitializerError: null" type="sbt.ForkMain$ForkError">sbt.ForkMain$ForkError: sbt.ForkMain$ForkError: java.lang.ExceptionInInitializerError: null
	at load.LoadScriptNew.&lt;init&gt;(LoadScriptNew.scala:20)
	at java.base/jdk.internal.reflect.NativeConstructorAccessorImpl.newInstance0(Native Method)
	at java.base/jdk.internal.reflect.NativeConstructorAccessorImpl.newInstance(NativeConstructorAccessorImpl.java:62)
	at java.base/jdk.internal.reflect.DelegatingConstructorAccessorImpl.newInstance(DelegatingConstructorAccessorImpl.java:45)
	at java.base/java.lang.reflect.Constructor.newInstance(Constructor.java:490)
	at java.base/java.lang.Class.newInstance(Class.java:584)
	at io.gatling.app.Gatling$.io$gatling$app$Gatling$$$anonfun$1(Gatling.scala:41)
	at io.gatling.app.Gatling$lambda$1.apply(Gatling.scala:41)
	at io.gatling.app.Gatling$lambda$1.apply(Gatling.scala:41)
	at io.gatling.app.Gatling.run(Gatling.scala:92)
	at io.gatling.app.Gatling.runIfNecessary(Gatling.scala:75)
	at io.gatling.app.Gatling.start(Gatling.scala:65)
	at io.gatling.app.Gatling$.start(Gatling.scala:57)
	at io.gatling.app.Gatling$.fromArgs(Gatling.scala:49)
	at io.gatling.sbt.GatlingTask.liftedTree1$1(GatlingTask.scala:51)
	at io.gatling.sbt.GatlingTask.execute(GatlingTask.scala:50)
	at sbt.ForkMain$Run$2.call(ForkMain.java:296)
	at sbt.ForkMain$Run$2.call(ForkMain.java:286)
	at java.base/java.util.concurrent.FutureTask.run(FutureTask.java:264)
	at java.base/java.util.concurrent.ThreadPoolExecutor.runWorker(ThreadPoolExecutor.java:1128)
	at java.base/java.util.concurrent.ThreadPoolExecutor$Worker.run(ThreadPoolExecutor.java:628)
	at java.base/java.lang.Thread.run(Thread.java:834)
Caused by: sbt.ForkMain$ForkError: sbt.ForkMain$ForkError: io.gatling.core.session.el.ElParserException: Failed to parse HTTP Request auth with error 'class [B cannot be cast to class [C ([B and [C are in module java.base of loader 'bootstrap')'
	at io.gatling.core.session.el.ElCompiler.parseEl(ElCompiler.scala:249)
	at io.gatling.core.session.el.ElCompiler$.parse(ElCompiler.scala:171)
	at io.gatling.core.session.el.ElCompiler$.compile(ElCompiler.scala:174)
	at io.gatling.core.session.el.package$El$.el$extension(package.scala:26)
	at io.gatling.core.ValidationImplicits$class.stringToExpression(ValidationImplicits.scala:48)
	at io.gatling.core.Predef$.stringToExpression(Predef.scala:22)
	at load.BasicLoad$.&lt;init&gt;(LoadScript.scala:31)
	at load.BasicLoad$.&lt;clinit&gt;(LoadScript.scala)
	... 22 more
</error>
                                               </testcase>
                     <system-out></system-out>
                     <system-err></system-err>
                   </testsuite>